<?xml version="1.0" encoding="UTF-8"?>
<!-- Generated by org.testng.reporters.JUnitReportReporter -->
<testsuite hostname="DESKTOP-N1OEVCK" failures="0" tests="5" name="tests.FilterTest" time="1.862" errors="0" timestamp="2025-03-21T23:01:02 CET" skipped="0">
  <testcase classname="tests.FilterTest" name="testSelectedOption" time="0.357"/>
  <testcase classname="tests.FilterTest" name="testFilterOptions" time="0.195"/>
  <testcase classname="tests.FilterTest" name="testFilterByPriceAscending" time="0.455"/>
  <testcase classname="tests.FilterTest" name="testFilterByPriceDescending" time="0.411"/>
  <testcase classname="tests.FilterTest" name="testFilterByNameDescending" time="0.444"/>
</testsuite> <!-- tests.FilterTest -->
