<?xml version="1.0" encoding="UTF-8"?>
<!-- Generated by org.testng.reporters.JUnitReportReporter -->
<testsuite hostname="DESKTOP-N1OEVCK" failures="0" tests="2" name="tests.CheckoutTwoPageTest" time="2.411" errors="0" timestamp="2025-03-21T23:01:02 CET" skipped="0">
  <testcase classname="tests.CheckoutTwoPageTest" name="testCheckoutTwoPage" time="0.585"/>
  <testcase classname="tests.CheckoutTwoPageTest" name="testCheckoutTwoPageAndAddOneItem" time="1.826"/>
</testsuite> <!-- tests.CheckoutTwoPageTest -->
