<?xml version="1.0" encoding="UTF-8"?>
<!-- Generated by org.testng.reporters.JUnitReportReporter -->
<testsuite hostname="DESKTOP-N1OEVCK" failures="0" tests="2" name="tests.CartTest" time="3.635" errors="0" timestamp="2025-03-21T23:01:02 CET" skipped="0">
  <testcase classname="tests.CartTest" name="testCartWithTwoItems" time="1.866"/>
  <testcase classname="tests.CartTest" name="testCartWithThreeItems" time="1.769"/>
</testsuite> <!-- tests.CartTest -->
