<?xml version="1.0" encoding="UTF-8"?>
<!-- Generated by org.testng.reporters.JUnitReportReporter -->
<testsuite hostname="DESKTOP-N1OEVCK" failures="0" tests="1" name="tests.CheckoutOnePageTest" time="1.566" errors="0" timestamp="2025-03-21T23:01:02 CET" skipped="0">
  <testcase classname="tests.CheckoutOnePageTest" name="testCheckoutPage" time="1.566"/>
</testsuite> <!-- tests.CheckoutOnePageTest -->
