<?xml version="1.0" encoding="UTF-8"?>
<!-- Generated by org.testng.reporters.JUnitReportReporter -->
<testsuite hostname="DESKTOP-N1OEVCK" failures="0" tests="2" name="tests.InventoryItemTest" time="2.308" errors="0" timestamp="2025-03-21T23:01:02 CET" skipped="0">
  <testcase classname="tests.InventoryItemTest" name="testOpenOneItemPage" time="1.260"/>
  <testcase classname="tests.InventoryItemTest" name="testAddFirstItemAndOpenSecondItemPage" time="1.048"/>
</testsuite> <!-- tests.InventoryItemTest -->
