<?xml version="1.0" encoding="UTF-8"?>
<!-- Generated by org.testng.reporters.JUnitReportReporter -->
<testsuite hostname="DESKTOP-N1OEVCK" failures="0" tests="2" name="tests.LogInTest" time="1.849" errors="0" timestamp="2025-03-21T23:01:02 CET" skipped="0">
  <testcase classname="tests.LogInTest" name="testLogInSuccessful" time="1.056"/>
  <testcase classname="tests.LogInTest" name="testLogInWithWrongUserName" time="0.793"/>
</testsuite> <!-- tests.LogInTest -->
