<?xml version="1.0" encoding="UTF-8"?>
<!-- Generated by org.testng.reporters.JUnitReportReporter -->
<testsuite hostname="DESKTOP-N1OEVCK" failures="0" tests="1" name="e2e.EndToEndTest" time="4.961" errors="0" timestamp="2025-03-21T23:01:02 CET" skipped="0">
  <testcase classname="e2e.EndToEndTest" name="testEndToEnd" time="4.961"/>
</testsuite> <!-- e2e.EndToEndTest -->
