<?xml version="1.0" encoding="UTF-8"?>
<!-- Generated by org.testng.reporters.JUnitReportReporter -->
<testsuite hostname="DESKTOP-N1OEVCK" failures="0" tests="12" name="tests.InventoryDataDrivenTest" time="9.243" errors="0" timestamp="2025-03-21T23:01:02 CET" skipped="0">
  <testcase classname="tests.InventoryDataDrivenTest" name="testAddAllItemsToCart" time="0.870"/>
  <testcase classname="tests.InventoryDataDrivenTest" name="testAddAllItemsToCart" time="0.955"/>
  <testcase classname="tests.InventoryDataDrivenTest" name="testAddAllItemsToCart" time="1.080"/>
  <testcase classname="tests.InventoryDataDrivenTest" name="testRemoveAllItemsFromCart" time="0.591"/>
  <testcase classname="tests.InventoryDataDrivenTest" name="testRemoveAllItemsFromCart" time="1.037"/>
  <testcase classname="tests.InventoryDataDrivenTest" name="testRemoveAllItemsFromCart" time="0.454"/>
  <testcase classname="tests.InventoryDataDrivenTest" name="testAddAllItemsToCart" time="0.892"/>
  <testcase classname="tests.InventoryDataDrivenTest" name="testRemoveAllItemsFromCart" time="0.424"/>
  <testcase classname="tests.InventoryDataDrivenTest" name="testRemoveAllItemsFromCart" time="0.473"/>
  <testcase classname="tests.InventoryDataDrivenTest" name="testRemoveAllItemsFromCart" time="0.811"/>
  <testcase classname="tests.InventoryDataDrivenTest" name="testAddAllItemsToCart" time="0.769"/>
  <testcase classname="tests.InventoryDataDrivenTest" name="testAddAllItemsToCart" time="0.887"/>
</testsuite> <!-- tests.InventoryDataDrivenTest -->
